Using pre-set license
Built from '2020.3/staging' branch; Version is '2020.3.18f1 (a7d1c678663c) revision 10998214'; Using compiler version '192528614'; Build Type 'Release'
OS: 'Windows 10 Home; OS build 19042.1288; Version 2009; 64bit' Language: 'en' Physical Memory: 8112 MB
BatchMode: 1, IsHumanControllingUs: 0, StartBugReporterOnCrash: 0, Is64bit: 1, IsPro: 0

COMMAND LINE ARGUMENTS:
D:\unity\2020.3.18f1\Editor\Unity.exe
-adb2
-batchMode
-noUpm
-name
AssetImportWorker0
-projectPath
D:/source/repos/GDJAMFIXED2021/2021 FALL GAME JAM
-logFile
Logs/AssetImportWorker0.log
-srvPort
64542
Successfully changed project path to: D:/source/repos/GDJAMFIXED2021/2021 FALL GAME JAM
D:/source/repos/GDJAMFIXED2021/2021 FALL GAME JAM
Using Asset Import Pipeline V2.
Refreshing native plugins compatible for Editor in 199.13 ms, found 0 plugins.
Preloading 0 native plugins for Editor in 0.00 ms.
Initialize engine version: 2020.3.18f1 (a7d1c678663c)
[Subsystems] Discovering subsystems at path D:/unity/2020.3.18f1/Editor/Data/Resources/UnitySubsystems
[Subsystems] Discovering subsystems at path D:/source/repos/GDJAMFIXED2021/2021 FALL GAME JAM/Assets
GfxDevice: creating device client; threaded=0
Direct3D:
    Version:  Direct3D 11.0 [level 11.1]
    Renderer: NVIDIA GeForce GTX 1650 (ID=0x1f91)
    Vendor:   
    VRAM:     3962 MB
    Driver:   27.21.14.6230
Initialize mono
Mono path[0] = 'D:/unity/2020.3.18f1/Editor/Data/Managed'
Mono path[1] = 'D:/unity/2020.3.18f1/Editor/Data/MonoBleedingEdge/lib/mono/unityjit'
Mono config path = 'D:/unity/2020.3.18f1/Editor/Data/MonoBleedingEdge/etc'
Using monoOptions --debugger-agent=transport=dt_socket,embedding=1,server=y,suspend=n,address=127.0.0.1:56988
Begin MonoManager ReloadAssembly
Registering precompiled unity dll's ...
Register platform support module: D:/unity/2020.3.18f1/Editor/Data/PlaybackEngines/WindowsStandaloneSupport/UnityEditor.WindowsStandalone.Extensions.dll
Registered in 0.028293 seconds.
Native extension for WindowsStandalone target not found
Refreshing native plugins compatible for Editor in 27.57 ms, found 0 plugins.
Preloading 0 native plugins for Editor in 0.00 ms.
Mono: successfully reloaded assembly
- Completed reload, in 10.474 seconds
Domain Reload Profiling:
	ReloadAssembly (10475ms)
		BeginReloadAssembly (125ms)
			ExecutionOrderSort (0ms)
			DisableScriptedObjects (0ms)
			BackupInstance (0ms)
			ReleaseScriptingObjects (0ms)
			CreateAndSetChildDomain (1ms)
		EndReloadAssembly (539ms)
			LoadAssemblies (125ms)
			RebuildTransferFunctionScriptingTraits (0ms)
			SetupTypeCache (177ms)
			ReleaseScriptCaches (0ms)
			RebuildScriptCaches (31ms)
			SetupLoadedEditorAssemblies (259ms)
				LogAssemblyErrors (0ms)
				InitializePlatformSupportModulesInManaged (3ms)
				SetLoadedEditorAssemblies (0ms)
				RefreshPlugins (28ms)
				BeforeProcessingInitializeOnLoad (17ms)
				ProcessInitializeOnLoadAttributes (171ms)
				ProcessInitializeOnLoadMethodAttributes (40ms)
				AfterProcessingInitializeOnLoad (0ms)
				EditorAssembliesLoaded (0ms)
			ExecutionOrderSort2 (0ms)
			AwakeInstancesAfterBackupRestoration (0ms)
Platform modules already initialized, skipping
Registering precompiled user dll's ...
Registered in 0.098688 seconds.
Begin MonoManager ReloadAssembly
Native extension for WindowsStandalone target not found
Refreshing native plugins compatible for Editor in 0.46 ms, found 0 plugins.
Preloading 0 native plugins for Editor in 0.00 ms.
Mono: successfully reloaded assembly
- Completed reload, in  0.925 seconds
Domain Reload Profiling:
	ReloadAssembly (926ms)
		BeginReloadAssembly (151ms)
			ExecutionOrderSort (0ms)
			DisableScriptedObjects (4ms)
			BackupInstance (0ms)
			ReleaseScriptingObjects (0ms)
			CreateAndSetChildDomain (23ms)
		EndReloadAssembly (615ms)
			LoadAssemblies (118ms)
			RebuildTransferFunctionScriptingTraits (0ms)
			SetupTypeCache (178ms)
			ReleaseScriptCaches (0ms)
			RebuildScriptCaches (34ms)
			SetupLoadedEditorAssemblies (193ms)
				LogAssemblyErrors (0ms)
				InitializePlatformSupportModulesInManaged (4ms)
				SetLoadedEditorAssemblies (0ms)
				RefreshPlugins (1ms)
				BeforeProcessingInitializeOnLoad (91ms)
				ProcessInitializeOnLoadAttributes (91ms)
				ProcessInitializeOnLoadMethodAttributes (4ms)
				AfterProcessingInitializeOnLoad (2ms)
				EditorAssembliesLoaded (0ms)
			ExecutionOrderSort2 (0ms)
			AwakeInstancesAfterBackupRestoration (7ms)
Platform modules already initialized, skipping
========================================================================
Worker process is ready to serve import requests
Launched and connected shader compiler UnityShaderCompiler.exe after 0.31 seconds
Refreshing native plugins compatible for Editor in 0.51 ms, found 0 plugins.
Preloading 0 native plugins for Editor in 0.00 ms.
Unloading 338 Unused Serialized files (Serialized files now loaded: 0)
System memory in use before: 38.6 MB.
System memory in use after: 38.6 MB.

Unloading 3 unused Assets to reduce memory usage. Loaded Objects now: 779.
Total: 2.065600 ms (FindLiveObjects: 0.072200 ms CreateObjectMapping: 0.013500 ms MarkObjects: 1.916800 ms  DeleteObjects: 0.062100 ms)

AssetImportParameters requested are different than current active one (requested -> active):
  custom:framework-win-MediaFoundation: 216162199b28c13a410421893ffa2e32 -> 
  custom:video-decoder-ogg-theora: a1e56fd34408186e4bbccfd4996cb3dc -> 
  custom:container-muxer-webm: aa71ff27fc2769a1b78a27578f13a17b -> 
  custom:container-demuxer-webm: 4f35f7cbe854078d1ac9338744f61a02 -> 
  custom:container-demuxer-ogg: 62fdf1f143b41e24485cea50d1cbac27 -> 
  custom:video-encoder-webm-vp8: eb34c28f22e8b96e1ab97ce403110664 -> 
  custom:video-codec-MediaFoundation-h265: 746d11721c4dcdbdad8f713fa42b33f4 -> 
  custom:video-decoder-webm-vp8: 9c59270c3fd7afecdb556c50c9e8de78 -> 
  custom:audio-decoder-ogg-vorbis: bf7c407c2cedff20999df2af8eb42d56 -> 
  custom:audio-encoder-webm-vorbis: bf7c407c2cedff20999df2af8eb42d56 -> 
========================================================================
Received Import Request.
  path: Assets/Materials/Ai.mat
  artifactKey: Guid(e570a9fa66a47fc4ebb0f6355e0f1b73) Importer(815301076,1909f56bfc062723c751e8b465ee728b)
Start importing Assets/Materials/Ai.mat using Guid(e570a9fa66a47fc4ebb0f6355e0f1b73) Importer(815301076,1909f56bfc062723c751e8b465ee728b)  -> (artifact id: 'd00141532364354725fe16b13ea20a1d') in 1.114492 seconds 
  Import took 1.199262 seconds .

========================================================================
Received Import Request.
  Time since last request: 0.000299 seconds.
  path: Assets/Materials/store.mat
  artifactKey: Guid(fa8c93a84feb0c24d9d79e2a7fcee636) Importer(815301076,1909f56bfc062723c751e8b465ee728b)
Start importing Assets/Materials/store.mat using Guid(fa8c93a84feb0c24d9d79e2a7fcee636) Importer(815301076,1909f56bfc062723c751e8b465ee728b)  -> (artifact id: '374ef9c35db16f0acc96de5a9de78f25') in 0.088646 seconds 
  Import took 0.122363 seconds .

========================================================================
Received Import Request.
  Time since last request: 0.000277 seconds.
  path: Assets/Materials/Controls.mat
  artifactKey: Guid(3d9d5d00d9861364b9e9dc4fe3d52bc7) Importer(815301076,1909f56bfc062723c751e8b465ee728b)
Start importing Assets/Materials/Controls.mat using Guid(3d9d5d00d9861364b9e9dc4fe3d52bc7) Importer(815301076,1909f56bfc062723c751e8b465ee728b)  -> (artifact id: 'fa9ab67f2afd9e0d0af65c28068995d2') in 0.168941 seconds 
  Import took 0.182923 seconds .

========================================================================
Received Import Request.
  Time since last request: 0.000534 seconds.
  path: Assets/Materials/Fail.mat
  artifactKey: Guid(bc20827487e22f649b5665c4860185bd) Importer(815301076,1909f56bfc062723c751e8b465ee728b)
Start importing Assets/Materials/Fail.mat using Guid(bc20827487e22f649b5665c4860185bd) Importer(815301076,1909f56bfc062723c751e8b465ee728b)  -> (artifact id: '0264e9066feda2df29d709892afc776f') in 0.076829 seconds 
  Import took 0.112841 seconds .

========================================================================
Received Import Request.
  Time since last request: 0.000331 seconds.
  path: Assets/Meshes/capsuleJR.obj
  artifactKey: Guid(12de6e3a0823a5b4094151780c6b18e4) Importer(815301076,1909f56bfc062723c751e8b465ee728b)
Start importing Assets/Meshes/capsuleJR.obj using Guid(12de6e3a0823a5b4094151780c6b18e4) Importer(815301076,1909f56bfc062723c751e8b465ee728b)  -> (artifact id: '3ccc5ab7b202185109b3b95f7df14b79') in 0.498733 seconds 
  Import took 0.516280 seconds .

========================================================================
Received Import Request.
  Time since last request: 0.000183 seconds.
  path: Assets/Materials/End.mat
  artifactKey: Guid(bd830e2e571c43c4f85407b87dc98bb7) Importer(815301076,1909f56bfc062723c751e8b465ee728b)
Start importing Assets/Materials/End.mat using Guid(bd830e2e571c43c4f85407b87dc98bb7) Importer(815301076,1909f56bfc062723c751e8b465ee728b)  -> (artifact id: 'f93aae78c5e06b82e272412b1b489efe') in 0.079454 seconds 
  Import took 0.096288 seconds .

========================================================================
Received Import Request.
  Time since last request: 0.000264 seconds.
  path: Assets/Meshes/CONSOLE.obj
  artifactKey: Guid(7cd8fd7ee06437044ba85eb446e8b8c4) Importer(815301076,1909f56bfc062723c751e8b465ee728b)
Start importing Assets/Meshes/CONSOLE.obj using Guid(7cd8fd7ee06437044ba85eb446e8b8c4) Importer(815301076,1909f56bfc062723c751e8b465ee728b)  -> (artifact id: 'b4a60af5cd076585fb4964fe1c779487') in 0.037315 seconds 
  Import took 0.039171 seconds .

========================================================================
Received Import Request.
  Time since last request: 0.000342 seconds.
  path: Assets/Materials/PS5.mat
  artifactKey: Guid(fc44645f8916c8e48bc4e38a03ec4d28) Importer(815301076,1909f56bfc062723c751e8b465ee728b)
Start importing Assets/Materials/PS5.mat using Guid(fc44645f8916c8e48bc4e38a03ec4d28) Importer(815301076,1909f56bfc062723c751e8b465ee728b)  -> (artifact id: '6b1926a17f18ef997ab38a741fa0b9c0') in 0.031452 seconds 
  Import took 0.050317 seconds .

========================================================================
Received Import Request.
  Time since last request: 0.000166 seconds.
  path: Assets/Materials/Floor2.mat
  artifactKey: Guid(d680bed9dee08a545a95fe7c120985bb) Importer(815301076,1909f56bfc062723c751e8b465ee728b)
Start importing Assets/Materials/Floor2.mat using Guid(d680bed9dee08a545a95fe7c120985bb) Importer(815301076,1909f56bfc062723c751e8b465ee728b)  -> (artifact id: '8589a0705b8c863a3f74ed7aa55fa76e') in 0.030716 seconds 
  Import took 0.064085 seconds .

========================================================================
Received Import Request.
  Time since last request: 0.000157 seconds.
  path: Assets/Materials/Conveyor.mat
  artifactKey: Guid(b51017af6874a7242b8db1ddb30789b5) Importer(815301076,1909f56bfc062723c751e8b465ee728b)
Start importing Assets/Materials/Conveyor.mat using Guid(b51017af6874a7242b8db1ddb30789b5) Importer(815301076,1909f56bfc062723c751e8b465ee728b)  -> (artifact id: '61a425f694d9c9ed6e391510856bb7c5') in 0.039566 seconds 
  Import took 0.041067 seconds .

========================================================================
Received Import Request.
  Time since last request: 0.000271 seconds.
  path: Assets/Meshes/car.obj
  artifactKey: Guid(a788d697adc3cbd4ca8982c06f20db99) Importer(815301076,1909f56bfc062723c751e8b465ee728b)
Start importing Assets/Meshes/car.obj using Guid(a788d697adc3cbd4ca8982c06f20db99) Importer(815301076,1909f56bfc062723c751e8b465ee728b)  -> (artifact id: '3b77cee263d42a19f08246d1141a41c2') in 0.037486 seconds 
  Import took 0.038842 seconds .

========================================================================
Received Import Request.
  Time since last request: 0.000281 seconds.
  path: Assets/Materials/Car.mat
  artifactKey: Guid(d6bafd500811ca84d8097f6b7e18bb4c) Importer(815301076,1909f56bfc062723c751e8b465ee728b)
Start importing Assets/Materials/Car.mat using Guid(d6bafd500811ca84d8097f6b7e18bb4c) Importer(815301076,1909f56bfc062723c751e8b465ee728b)  -> (artifact id: '87a7e48a6dd3eb525fae0302f7796f4e') in 0.090721 seconds 
  Import took 0.095116 seconds .

========================================================================
Received Import Request.
  Time since last request: 0.000148 seconds.
  path: Assets/Materials/But.mat
  artifactKey: Guid(9269e8c1da99d4d42a607ffcbed2f0b9) Importer(815301076,1909f56bfc062723c751e8b465ee728b)
Start importing Assets/Materials/But.mat using Guid(9269e8c1da99d4d42a607ffcbed2f0b9) Importer(815301076,1909f56bfc062723c751e8b465ee728b)  -> (artifact id: 'd365eb8d06f200ea98398f05356db13b') in 0.040713 seconds 
  Import took 0.050697 seconds .

========================================================================
Received Import Request.
  Time since last request: 0.000277 seconds.
  path: Assets/Materials/Floor.mat
  artifactKey: Guid(2f6b38623d3276d4487515cff76e5d0e) Importer(815301076,1909f56bfc062723c751e8b465ee728b)
Start importing Assets/Materials/Floor.mat using Guid(2f6b38623d3276d4487515cff76e5d0e) Importer(815301076,1909f56bfc062723c751e8b465ee728b)  -> (artifact id: '698c240e42723783d7168a43f17a0511') in 0.027931 seconds 
  Import took 0.040361 seconds .

========================================================================
Received Import Request.
  Time since last request: 0.000303 seconds.
  path: Assets/Materials/Title Screen.mat
  artifactKey: Guid(ab52b19d97263474aac9d0729ea09c68) Importer(815301076,1909f56bfc062723c751e8b465ee728b)
Start importing Assets/Materials/Title Screen.mat using Guid(ab52b19d97263474aac9d0729ea09c68) Importer(815301076,1909f56bfc062723c751e8b465ee728b)  -> (artifact id: '47a75a55160664f39a530b32bb156f13') in 0.043193 seconds 
  Import took 0.056871 seconds .

========================================================================
Received Import Request.
  Time since last request: 0.000238 seconds.
  path: Assets/Materials/storefront.mat
  artifactKey: Guid(43adcdcf912bec14d9286b5f4074748e) Importer(815301076,1909f56bfc062723c751e8b465ee728b)
Start importing Assets/Materials/storefront.mat using Guid(43adcdcf912bec14d9286b5f4074748e) Importer(815301076,1909f56bfc062723c751e8b465ee728b)  -> (artifact id: '175aae75d1e839cdf63471bfa7efada0') in 0.011565 seconds 
  Import took 0.022138 seconds .

========================================================================
Received Import Request.
  Time since last request: 0.000251 seconds.
  path: Assets/Materials/Guy.mat
  artifactKey: Guid(d59327bad4d59f842adef01851067263) Importer(815301076,1909f56bfc062723c751e8b465ee728b)
Start importing Assets/Materials/Guy.mat using Guid(d59327bad4d59f842adef01851067263) Importer(815301076,1909f56bfc062723c751e8b465ee728b)  -> (artifact id: '137e2c4a7ca98c9869cc3c442750a289') in 0.085451 seconds 
  Import took 0.145212 seconds .

========================================================================
Received Import Request.
  Time since last request: 0.000177 seconds.
  path: Assets/Materials/spill.mat
  artifactKey: Guid(4907d61cdd364904bbe7d1f715b016d4) Importer(815301076,1909f56bfc062723c751e8b465ee728b)
Start importing Assets/Materials/spill.mat using Guid(4907d61cdd364904bbe7d1f715b016d4) Importer(815301076,1909f56bfc062723c751e8b465ee728b)  -> (artifact id: '8a04a2244807d4f95b37e736e0464cb6') in 0.061664 seconds 
  Import took 0.063196 seconds .

========================================================================
Received Import Request.
  Time since last request: 0.000217 seconds.
  path: Assets/Meshes/FRONT.obj
  artifactKey: Guid(bd827351a29d0e940a566953619eb63d) Importer(815301076,1909f56bfc062723c751e8b465ee728b)
Start importing Assets/Meshes/FRONT.obj using Guid(bd827351a29d0e940a566953619eb63d) Importer(815301076,1909f56bfc062723c751e8b465ee728b)  -> (artifact id: '32c986a51cba89ab89e539628f0d4453') in 0.026171 seconds 
  Import took 0.042839 seconds .

========================================================================
Received Import Request.
  Time since last request: 27.457941 seconds.
  path: Assets/Meshes/Big_Bin.gltf
  artifactKey: Guid(74a8d6aac4dc507429718671a131e338) Importer(815301076,1909f56bfc062723c751e8b465ee728b)
Start importing Assets/Meshes/Big_Bin.gltf using Guid(74a8d6aac4dc507429718671a131e338) Importer(815301076,1909f56bfc062723c751e8b465ee728b)  -> (artifact id: '12f4a02f46908a63b0b88f8646fa45ef') in 0.011252 seconds 
  Import took 0.017539 seconds .

========================================================================
Received Import Request.
  Time since last request: 0.064242 seconds.
  path: Assets/Meshes/Big_Bin.gltf
  artifactKey: Guid(74a8d6aac4dc507429718671a131e338) Importer(815301076,1909f56bfc062723c751e8b465ee728b)
Start importing Assets/Meshes/Big_Bin.gltf using Guid(74a8d6aac4dc507429718671a131e338) Importer(815301076,1909f56bfc062723c751e8b465ee728b)  -> (artifact id: '12f4a02f46908a63b0b88f8646fa45ef') in 0.001870 seconds 
  Import took 0.011906 seconds .

AssetImportWorkerClient::OnTransportError - code=2 error=End of file
